-- Attaching packages --------------------------------------- tidyverse 1.3.2 --
v ggplot2 3.4.0      v purrr   0.3.5 
v tibble  3.1.8      v dplyr   1.0.10
v tidyr   1.2.1      v stringr 1.4.1 
v readr   2.1.3      v forcats 0.5.2 
-- Conflicts ------------------------------------------ tidyverse_conflicts() --
x dplyr::filter() masks stats::filter()
x dplyr::lag()    masks stats::lag()
Loading required package: timechange

Attaching package: 'lubridate'

The following objects are masked from 'package:base':

    date, intersect, setdiff, union

Checking for NOAA forecasts
Generating targets
Beginning generate targets
defaultV2
Already up to date.
Already up to date.
Already up to date.
Registered S3 method overwritten by 'quantmod':
  method            from
  as.zoo.data.frame zoo 
[1] "QAQC Catwalk"
[1] "QAQC CTD"
[1] "QAQC Nutrients"
[1] "QAQC CH4"
Joining, by = "cuts"
Successfully generated targets
Generating inflow forecast
Forecasting inflow and outflows
successfully generated inflow forecats for: 
Generating forecast
Using restart file with restart index of 2
Using GLM Version 3.3.0a9         
Running time step 1/17 : 2022-07-26 00:00 - 2022-07-27 00:00 [2022-11-08 15:03:39]
zone1temp: mean 11.7332 sd 1
zone2temp: mean 13.7617 sd 1
lw_factor: mean 1.0102 sd 0.02
Running time step 2/17 : 2022-07-27 00:00 - 2022-07-28 00:00 [2022-11-08 15:03:59]
zone1temp: mean 11.6872 sd 1
zone2temp: mean 13.8321 sd 1
lw_factor: mean 1.0095 sd 0.02
Running time step 3/17 : 2022-07-28 00:00 - 2022-07-29 00:00 [2022-11-08 15:04:20]
zone1temp: mean 11.6872 sd 1
zone2temp: mean 13.8321 sd 1
lw_factor: mean 1.0095 sd 0.02
Running time step 4/17 : 2022-07-29 00:00 - 2022-07-30 00:00 [2022-11-08 15:04:41]
zone1temp: mean 11.6872 sd 1
zone2temp: mean 13.8321 sd 1
lw_factor: mean 1.0095 sd 0.02
Running time step 5/17 : 2022-07-30 00:00 - 2022-07-31 00:00 [2022-11-08 15:05:01]
zone1temp: mean 11.6872 sd 1
zone2temp: mean 13.8321 sd 1
lw_factor: mean 1.0095 sd 0.02
Running time step 6/17 : 2022-07-31 00:00 - 2022-08-01 00:00 [2022-11-08 15:05:22]
zone1temp: mean 11.6872 sd 1
zone2temp: mean 13.8321 sd 1
lw_factor: mean 1.0095 sd 0.02
Running time step 7/17 : 2022-08-01 00:00 - 2022-08-02 00:00 [2022-11-08 15:05:42]
zone1temp: mean 11.6872 sd 1
zone2temp: mean 13.8321 sd 1
lw_factor: mean 1.0095 sd 0.02
Running time step 8/17 : 2022-08-02 00:00 - 2022-08-03 00:00 [2022-11-08 15:06:03]
zone1temp: mean 11.6872 sd 1
zone2temp: mean 13.8321 sd 1
lw_factor: mean 1.0095 sd 0.02
Running time step 9/17 : 2022-08-03 00:00 - 2022-08-04 00:00 [2022-11-08 15:06:24]
zone1temp: mean 11.6872 sd 1
zone2temp: mean 13.8321 sd 1
lw_factor: mean 1.0095 sd 0.02
Running time step 10/17 : 2022-08-04 00:00 - 2022-08-05 00:00 [2022-11-08 15:06:44]
zone1temp: mean 11.6872 sd 1
zone2temp: mean 13.8321 sd 1
lw_factor: mean 1.0095 sd 0.02
Running time step 11/17 : 2022-08-05 00:00 - 2022-08-06 00:00 [2022-11-08 15:07:05]
zone1temp: mean 11.6872 sd 1
zone2temp: mean 13.8321 sd 1
lw_factor: mean 1.0095 sd 0.02
Running time step 12/17 : 2022-08-06 00:00 - 2022-08-07 00:00 [2022-11-08 15:07:26]
zone1temp: mean 11.6872 sd 1
zone2temp: mean 13.8321 sd 1
lw_factor: mean 1.0095 sd 0.02
Running time step 13/17 : 2022-08-07 00:00 - 2022-08-08 00:00 [2022-11-08 15:07:46]
zone1temp: mean 11.6872 sd 1
zone2temp: mean 13.8321 sd 1
lw_factor: mean 1.0095 sd 0.02
Running time step 14/17 : 2022-08-08 00:00 - 2022-08-09 00:00 [2022-11-08 15:08:07]
zone1temp: mean 11.6872 sd 1
zone2temp: mean 13.8321 sd 1
lw_factor: mean 1.0095 sd 0.02
Running time step 15/17 : 2022-08-09 00:00 - 2022-08-10 00:00 [2022-11-08 15:08:28]
zone1temp: mean 11.6872 sd 1
zone2temp: mean 13.8321 sd 1
lw_factor: mean 1.0095 sd 0.02
Running time step 16/17 : 2022-08-10 00:00 - 2022-08-11 00:00 [2022-11-08 15:08:49]
zone1temp: mean 11.6872 sd 1
zone2temp: mean 13.8321 sd 1
lw_factor: mean 1.0095 sd 0.02
Running time step 17/17 : 2022-08-11 00:00 - 2022-08-12 00:00 [2022-11-08 15:09:10]
zone1temp: mean 11.6872 sd 1
zone2temp: mean 13.8321 sd 1
lw_factor: mean 1.0095 sd 0.02
successfully generated flare forecats for: fcre-2022-07-27-test_run.nc
Generating plots
temp
salt
zone1temp
zone2temp
lw_factor
extc
secchi
There were 50 or more warnings (use warnings() to see the first 50)
